c:\users\batu\desktop\computer graphıcs\assıgnment_2_code\project\debug\vc120.pdb
c:\users\batu\desktop\computer graphıcs\assıgnment_2_code\project\debug\vc120.ıdb
c:\users\batu\desktop\computer graphıcs\assıgnment_2_code\project\debug\loadshaders.obj
c:\users\batu\desktop\computer graphıcs\assıgnment_2_code\project\debug\maın.obj
c:\users\batu\desktop\computer graphıcs\assıgnment_2_code\project\debug\stb_ımage.obj
c:\users\batu\desktop\computer graphıcs\assıgnment_2_code\project\debug\texture.obj
c:\users\batu\desktop\computer graphıcs\assıgnment_2_code\project\debug\shader.obj
c:\users\batu\desktop\computer graphıcs\assıgnment_2_code\debug\project.exe
c:\users\batu\desktop\computer graphıcs\assıgnment_2_code\debug\project.pdb
c:\users\batu\desktop\computer graphics\assignment_2_code\project\debug\loadshaders.obj
c:\users\batu\desktop\computer graphics\assignment_2_code\project\debug\main.obj
c:\users\batu\desktop\computer graphics\assignment_2_code\project\debug\shader.obj
c:\users\batu\desktop\computer graphics\assignment_2_code\project\debug\stb_image.obj
c:\users\batu\desktop\computer graphics\assignment_2_code\project\debug\texture.obj
c:\users\batu\desktop\computer graphics\assignment_2_code\project\debug\vc120.idb
c:\users\batu\desktop\computer graphics\assignment_2_code\project\debug\vc120.pdb
c:\users\batu\desktop\computer graphics\assignment_2_code\debug\project.pdb
c:\users\batu\desktop\computer graphics\assignment_2_code\debug\project.exe
c:\users\batu\desktop\computer graphics\assignment_2_code\project\debug\project.tlog\cl.command.1.tlog
c:\users\batu\desktop\computer graphics\assignment_2_code\project\debug\project.tlog\cl.read.1.tlog
c:\users\batu\desktop\computer graphics\assignment_2_code\project\debug\project.tlog\cl.write.1.tlog
c:\users\batu\desktop\computer graphics\assignment_2_code\project\debug\project.tlog\link.command.1.tlog
c:\users\batu\desktop\computer graphics\assignment_2_code\project\debug\project.tlog\link.read.1.tlog
c:\users\batu\desktop\computer graphics\assignment_2_code\project\debug\project.tlog\link.write.1.tlog
