c:\users\sr194\dropbox\nyuad_shared\teachıng\computer graphıcs 2014\code\chastıne_tutorıal\3\project\project\debug\maın.obj
c:\users\sr194\dropbox\nyuad_shared\teachıng\computer graphıcs 2014\code\chastıne_tutorıal\3\project\project\debug\vc100.pdb
c:\users\sr194\sr_data\graphıcs_resources\code\chastıne_tutorıal\3\project\project\debug\maın.obj
c:\users\sr194\sr_data\graphıcs_resources\code\chastıne_tutorıal\3\project\project\debug\vc100.pdb
c:\users\sr194\dropbox\nyuad_shared\teachıng\computer graphıcs 2014\lectures\08\trıangle program\project\debug\maın.obj
c:\users\sr194\dropbox\nyuad_shared\teachıng\computer graphıcs 2014\lectures\08\trıangle program\project\debug\vc100.pdb
c:\users\sr194\sr_data\work\teachıng\computer graphıcs 2014\lectures\08\trıangle program\project\debug\maın.obj
c:\users\sr194\sr_data\work\teachıng\computer graphıcs 2014\lectures\08\trıangle program\project\debug\vc100.pdb
c:\users\sr194\sr_data\work\teachıng\computer graphıcs 2014\code\basıc texture mappıng\project\debug\maın.obj
c:\users\sr194\sr_data\work\teachıng\computer graphıcs 2014\code\basıc texture mappıng\project\debug\shader.obj
c:\users\sr194\sr_data\work\teachıng\computer graphıcs 2014\code\basıc texture mappıng\project\debug\vc100.pdb
c:\users\sr194\sr_data\work\teachıng\computer graphıcs 2014\code\basıc texture mappıng\project\debug\stb_ımage.obj
c:\users\sr194\sr_data\work\teachıng\computer graphıcs 2014\code\basıc texture mappıng\project\debug\texture.obj
c:\users\sr194\sr_data\work\teachıng\computer graphıcs 2014\code\experıments\basıc texture mappıng\project\debug\maın.obj
c:\users\sr194\sr_data\work\teachıng\computer graphıcs 2014\code\experıments\basıc texture mappıng\project\debug\shader.obj
c:\users\sr194\sr_data\work\teachıng\computer graphıcs 2014\code\experıments\basıc texture mappıng\project\debug\stb_ımage.obj
c:\users\sr194\sr_data\work\teachıng\computer graphıcs 2014\code\experıments\basıc texture mappıng\project\debug\texture.obj
c:\users\sr194\sr_data\work\teachıng\computer graphıcs 2014\code\experıments\basıc texture mappıng\project\debug\vc100.pdb
c:\users\sr194\sr_data\work\teachıng\computer graphıcs 2014\code\experıments\cube\project\debug\maın.obj
c:\users\sr194\sr_data\work\teachıng\computer graphıcs 2014\code\experıments\cube\project\debug\shader.obj
c:\users\sr194\sr_data\work\teachıng\computer graphıcs 2014\code\experıments\cube\project\debug\stb_ımage.obj
c:\users\sr194\sr_data\work\teachıng\computer graphıcs 2014\code\experıments\cube\project\debug\texture.obj
c:\users\sr194\sr_data\work\teachıng\computer graphıcs 2014\code\experıments\cube\project\debug\vc100.pdb
c:\users\sr194\sr_data\work\teachıng\computer graphıcs 2014\code\cube wıth texture\project\debug\maın.obj
c:\users\sr194\sr_data\work\teachıng\computer graphıcs 2014\code\cube wıth texture\project\debug\shader.obj
c:\users\sr194\sr_data\work\teachıng\computer graphıcs 2014\code\cube wıth texture\project\debug\stb_ımage.obj
c:\users\sr194\sr_data\work\teachıng\computer graphıcs 2014\code\cube wıth texture\project\debug\texture.obj
c:\users\sr194\sr_data\work\teachıng\computer graphıcs 2014\code\cube wıth texture\project\debug\vc100.pdb
c:\users\sr194\sr_data\work\teachıng\computer graphıcs 2014\code\lıghts on cube\project\debug\maın.obj
c:\users\sr194\sr_data\work\teachıng\computer graphıcs 2014\code\lıghts on cube\project\debug\shader.obj
c:\users\sr194\sr_data\work\teachıng\computer graphıcs 2014\code\lıghts on cube\project\debug\stb_ımage.obj
c:\users\sr194\sr_data\work\teachıng\computer graphıcs 2014\code\lıghts on cube\project\debug\texture.obj
c:\users\sr194\sr_data\work\teachıng\computer graphıcs 2014\code\lıghts on cube\project\debug\vc100.pdb
c:\users\sr194\dropbox\nyuad_shared\teachıng\computer graphıcs 2014\code\chastıne_tutorıal\3\project\debug\project.exe
c:\users\sr194\dropbox\nyuad_shared\teachıng\computer graphıcs 2014\code\chastıne_tutorıal\3\project\project\debug\project.exe.ıntermedıate.manıfest
c:\users\sr194\dropbox\nyuad_shared\teachıng\computer graphıcs 2014\code\chastıne_tutorıal\3\project\debug\project.pdb
c:\users\sr194\sr_data\graphıcs_resources\code\chastıne_tutorıal\3\project\debug\project.exe
c:\users\sr194\sr_data\graphıcs_resources\code\chastıne_tutorıal\3\project\project\debug\project.exe.ıntermedıate.manıfest
c:\users\sr194\sr_data\graphıcs_resources\code\chastıne_tutorıal\3\project\debug\project.pdb
c:\users\sr194\dropbox\nyuad_shared\teachıng\computer graphıcs 2014\lectures\08\trıangle program\debug\project.exe
c:\users\sr194\dropbox\nyuad_shared\teachıng\computer graphıcs 2014\lectures\08\trıangle program\project\debug\project.exe.ıntermedıate.manıfest
c:\users\sr194\dropbox\nyuad_shared\teachıng\computer graphıcs 2014\lectures\08\trıangle program\debug\project.pdb
c:\users\sr194\sr_data\work\teachıng\computer graphıcs 2014\lectures\08\trıangle program\debug\project.exe
c:\users\sr194\sr_data\work\teachıng\computer graphıcs 2014\lectures\08\trıangle program\project\debug\project.exe.ıntermedıate.manıfest
c:\users\sr194\sr_data\work\teachıng\computer graphıcs 2014\lectures\08\trıangle program\debug\project.pdb
c:\users\sr194\sr_data\work\teachıng\computer graphıcs 2014\code\basıc texture mappıng\debug\project.exe
c:\users\sr194\sr_data\work\teachıng\computer graphıcs 2014\code\basıc texture mappıng\project\debug\project.exe.ıntermedıate.manıfest
c:\users\sr194\sr_data\work\teachıng\computer graphıcs 2014\code\basıc texture mappıng\debug\project.pdb
c:\users\sr194\sr_data\work\teachıng\computer graphıcs 2014\code\experıments\basıc texture mappıng\debug\project.exe
c:\users\sr194\sr_data\work\teachıng\computer graphıcs 2014\code\experıments\basıc texture mappıng\project\debug\project.exe.ıntermedıate.manıfest
c:\users\sr194\sr_data\work\teachıng\computer graphıcs 2014\code\experıments\basıc texture mappıng\debug\project.pdb
c:\users\sr194\sr_data\work\teachıng\computer graphıcs 2014\code\experıments\cube\debug\project.exe
c:\users\sr194\sr_data\work\teachıng\computer graphıcs 2014\code\experıments\cube\project\debug\project.exe.ıntermedıate.manıfest
c:\users\sr194\sr_data\work\teachıng\computer graphıcs 2014\code\experıments\cube\debug\project.pdb
c:\users\sr194\sr_data\work\teachıng\computer graphıcs 2014\code\cube wıth texture\debug\project.exe
c:\users\sr194\sr_data\work\teachıng\computer graphıcs 2014\code\cube wıth texture\project\debug\project.exe.ıntermedıate.manıfest
c:\users\sr194\sr_data\work\teachıng\computer graphıcs 2014\code\cube wıth texture\debug\project.pdb
c:\users\sr194\sr_data\work\teachıng\computer graphıcs 2014\code\lıghts on cube\debug\project.exe
c:\users\sr194\sr_data\work\teachıng\computer graphıcs 2014\code\lıghts on cube\project\debug\project.exe.ıntermedıate.manıfest
c:\users\sr194\sr_data\work\teachıng\computer graphıcs 2014\code\lıghts on cube\debug\project.pdb
c:\users\batu\desktop\computer graphıcs\assıgnmnet_6\project\debug\vc120.pdb
c:\users\batu\desktop\computer graphıcs\assıgnmnet_6\project\debug\vc120.ıdb
c:\users\batu\desktop\computer graphıcs\assıgnmnet_6\project\debug\maın.obj
c:\users\batu\desktop\computer graphıcs\assıgnmnet_6\project\debug\shader.obj
c:\users\batu\desktop\computer graphıcs\assıgnmnet_6\project\debug\stb_ımage.obj
c:\users\batu\desktop\computer graphıcs\assıgnmnet_6\project\debug\texture.obj
c:\users\batu\desktop\computer graphics\assignmnet_6\project\debug\project.vcxprojresolveassemblyreference.cache
c:\users\batu\desktop\computer graphics\assignmnet_6\project\debug\main.obj
c:\users\batu\desktop\computer graphics\assignmnet_6\project\debug\shader.obj
c:\users\batu\desktop\computer graphics\assignmnet_6\project\debug\stb_image.obj
c:\users\batu\desktop\computer graphics\assignmnet_6\project\debug\texture.obj
c:\users\batu\desktop\computer graphics\assignmnet_6\project\debug\cl.command.1.tlog
c:\users\batu\desktop\computer graphics\assignmnet_6\project\debug\cl.read.1.tlog
c:\users\batu\desktop\computer graphics\assignmnet_6\project\debug\cl.write.1.tlog
c:\users\batu\desktop\computer graphics\assignmnet_6\project\debug\link.command.1.tlog
c:\users\batu\desktop\computer graphics\assignmnet_6\project\debug\link.read.1.tlog
c:\users\batu\desktop\computer graphics\assignmnet_6\project\debug\link.write.1.tlog
c:\users\batu\desktop\computer graphics\assignmnet_6\project\debug\mt.command.1.tlog
c:\users\batu\desktop\computer graphics\assignmnet_6\project\debug\mt.read.1.tlog
c:\users\batu\desktop\computer graphics\assignmnet_6\project\debug\mt.write.1.tlog
c:\users\batu\desktop\computer graphics\assignmnet_6\project\debug\project.write.1.tlog
c:\users\batu\desktop\computer graphics\assignmnet_6\project\debug\project.exe.intermediate.manifest
c:\users\batu\desktop\computer graphics\assignmnet_6\project\debug\vc100.idb
c:\users\batu\desktop\computer graphics\assignmnet_6\project\debug\vc120.idb
c:\users\batu\desktop\computer graphics\assignmnet_6\project\debug\vc100.pdb
c:\users\batu\desktop\computer graphics\assignmnet_6\project\debug\vc120.pdb
c:\users\batu\desktop\computer graphics\assignmnet_6\debug\project.pdb
c:\users\batu\desktop\computer graphics\assignmnet_6\project\debug\project.tlog\cl.command.1.tlog
c:\users\batu\desktop\computer graphics\assignmnet_6\project\debug\project.tlog\cl.read.1.tlog
c:\users\batu\desktop\computer graphics\assignmnet_6\project\debug\project.tlog\cl.write.1.tlog
c:\users\batu\desktop\computer graphics\assignmnet_6\project\debug\project.tlog\link-cvtres.read.1.tlog
c:\users\batu\desktop\computer graphics\assignmnet_6\project\debug\project.tlog\link-cvtres.write.1.tlog
c:\users\batu\desktop\computer graphics\assignmnet_6\project\debug\project.tlog\link-rc.read.1.tlog
c:\users\batu\desktop\computer graphics\assignmnet_6\project\debug\project.tlog\link-rc.write.1.tlog
c:\users\batu\desktop\computer graphics\assignmnet_6\project\debug\project.tlog\link.command.1.tlog
c:\users\batu\desktop\computer graphics\assignmnet_6\project\debug\project.tlog\link.read.1.tlog
c:\users\batu\desktop\computer graphics\assignmnet_6\project\debug\project.tlog\link.write.1.tlog
