c:\users\batu\desktop\computer graphıcs\assıgnment_4_codes\assıgnment_4 - workıng q1-q2\project\debug\vc120.pdb
c:\users\batu\desktop\computer graphıcs\assıgnment_4_codes\assıgnment_4 - workıng q1-q2\project\debug\vc120.ıdb
c:\users\batu\desktop\computer graphıcs\assıgnment_4_codes\assıgnment_4 - workıng q1-q2\project\debug\loadshaders.obj
c:\users\batu\desktop\computer graphıcs\assıgnment_4_codes\assıgnment_4 - workıng q1-q2\project\debug\maın.obj
c:\users\batu\desktop\computer graphıcs\assıgnment_4_codes\assıgnment_4 - workıng q1-q2\project\debug\shader.obj
c:\users\batu\desktop\computer graphıcs\assıgnment_4_codes\assıgnment_4 - workıng q1-q2\project\debug\stb_ımage.obj
c:\users\batu\desktop\computer graphıcs\assıgnment_4_codes\assıgnment_4 - workıng q1-q2\debug\project.exe
c:\users\batu\desktop\computer graphıcs\assıgnment_4_codes\assıgnment_4 - workıng q1-q2\debug\project.pdb
c:\users\batu\desktop\computer graphics\assignment_4_codes\assignment_4 - working q1-q2\project\debug\loadshaders.obj
c:\users\batu\desktop\computer graphics\assignment_4_codes\assignment_4 - working q1-q2\project\debug\main.obj
c:\users\batu\desktop\computer graphics\assignment_4_codes\assignment_4 - working q1-q2\project\debug\shader.obj
c:\users\batu\desktop\computer graphics\assignment_4_codes\assignment_4 - working q1-q2\project\debug\stb_image.obj
c:\users\batu\desktop\computer graphics\assignment_4_codes\assignment_4 - working q1-q2\project\debug\vc120.idb
c:\users\batu\desktop\computer graphics\assignment_4_codes\assignment_4 - working q1-q2\project\debug\vc120.pdb
c:\users\batu\desktop\computer graphics\assignment_4_codes\assignment_4 - working q1-q2\debug\project.pdb
c:\users\batu\desktop\computer graphics\assignment_4_codes\assignment_4 - working q1-q2\debug\project.exe
c:\users\batu\desktop\computer graphics\assignment_4_codes\assignment_4 - working q1-q2\project\debug\project.tlog\cl.command.1.tlog
c:\users\batu\desktop\computer graphics\assignment_4_codes\assignment_4 - working q1-q2\project\debug\project.tlog\cl.read.1.tlog
c:\users\batu\desktop\computer graphics\assignment_4_codes\assignment_4 - working q1-q2\project\debug\project.tlog\cl.write.1.tlog
c:\users\batu\desktop\computer graphics\assignment_4_codes\assignment_4 - working q1-q2\project\debug\project.tlog\link.command.1.tlog
c:\users\batu\desktop\computer graphics\assignment_4_codes\assignment_4 - working q1-q2\project\debug\project.tlog\link.read.1.tlog
c:\users\batu\desktop\computer graphics\assignment_4_codes\assignment_4 - working q1-q2\project\debug\project.tlog\link.write.1.tlog
